Node: 255
245
325
325
325
325
325
325
325
467
559
771
1366
Node: 325
255
335
335
335
335
467
467
467
467
771
917
1366
Node: 467
335
559
559
559
559
559
559
559
771
771
1136
1590
Node: 1136
917
1254
1254
1254
1254
1254
1254
1254
1366
1472
1696
245
Node: 1254
1136
1366
1366
1366
1366
1366
1366
1366
1472
1590
99
245
0 / 0 / 3
1 / 0 / 3
1 / 1 / 3
Put key: <ByteString@148ec74a size=32 contents="\027\273\274\265\375a\321\266T\tP\2254\333 -%F\023\3003m\211\200U\376\202\270\326\0171\243">
Put value: <ByteString@28f8fe4e size=8 contents="q\307\317\263\bB\361\201">
Put version: 0
Get key: <ByteString@28adeb6f size=32 contents="\027\273\274\265\375a\321\266T\tP\2254\333 -%F\023\3003m\211\200U\376\202\270\326\0171\243">
Get value: <ByteString@28f8fe4e size=8 contents="q\307\317\263\bB\361\201">
Get version: 0
