CPEN 431 BASIC test Client
Time: Mon Feb 06 19:44:37 PST 2023
Build Date: Fri Jan 27 10:05:21 PST 2023
Java process ID: 14040
[A4 BASIC TESTS - THIS IS A BASIC TEST CLIENT NOT THE FINAL EVALUATION CLIENT]

[Info] Created server list successfully.

[Test isAlive]
TEST PASSED

[ TEST Basic PUT/GET (PUT -> GET). Value Length = 8 Bytes ]
TEST_PASSED

[ TEST Basic PUT/GET (PUT -> GET). Value Length = 32 Bytes ]
TEST_PASSED

[ TEST Basic PUT/GET (PUT -> GET). Value Length = 2048 Bytes ]
TEST_PASSED

[ TEST Basic PUT/GET (PUT -> GET). Value Length = 10000 Bytes ]
TEST_PASSED



[ TEST Basic KVS with message version (PUT Version 1 -> GET -> PUT Version 2 -> GET). Value Length = 8 Bytes ]
TEST_PASSED

[ TEST Basic KVS with message version (PUT Version 1 -> GET -> PUT Version 2 -> GET). Value Length = 32 Bytes ]
TEST_PASSED

[ TEST Basic KVS with message version (PUT Version 1 -> GET -> PUT Version 2 -> GET). Value Length = 2048 Bytes ]
TEST_PASSED

[ TEST Basic KVS with message version (PUT Version 1 -> GET -> PUT Version 2 -> GET). Value Length = 10000 Bytes ]
TEST_PASSED

[ TEST Basic REMOVE (PUT -> GET -> REM -> GET). Value Length = 32 Bytes. ]
TEST_PASSED

[ TEST Double remove (PUT -> REM -> REM). Value Length = 32 Bytes. ]
TEST_PASSED

[ TEST Invalid Command. ]
TEST_PASSED

[ TEST At-Most-Once Client Policy (PUT -> REM -> REM). Value length =  32 Bytes ]
TEST_PASSED

[ TEST At-Most-Once Client Policy Empty REMs (EMPTY -> REM -> REM) ]
TEST_PASSED

[ TEST At-Most-Once Client Policy Error Return Code (REM -> PUT -> REM) ]
TEST_PASSED

[ TEST Multi Client Performance (1 clients, 60.0 seconds): PUT -> GET (closed loop) ]
[Info] Received OVERLOAD from the server. Sleeping for [1000] ms.
[Info] Received OVERLOAD from the server. Sleeping for [1000] ms.
[Info] Received OVERLOAD from the server. Sleeping for [1000] ms.
[Info] Received OVERLOAD from the server. Sleeping for [1000] ms.
[Info] Received OVERLOAD from the server. Sleeping for [1000] ms.
[Info] Received OVERLOAD from the server. Sleeping for [1000] ms.
[Info] Received OVERLOAD from the server. Sleeping for [1000] ms.
[Info] Received OVERLOAD from the server. Sleeping for [1000] ms.
[Info] Received OVERLOAD from the server. Sleeping for [1000] ms.
[Info] Received OVERLOAD from the server. Sleeping for [1000] ms.
[Info] Received OVERLOAD from the server. Sleeping for [1000] ms.
[Info] Received OVERLOAD from the server. Sleeping for [1000] ms.
[Info] Received OVERLOAD from the server. Sleeping for [1000] ms.
[Info] Received OVERLOAD from the server. Sleeping for [1000] ms.
[Info] Received OVERLOAD from the server. Sleeping for [1000] ms.
[Info] Received OVERLOAD from the server. Sleeping for [1000] ms.
[Info] Received OVERLOAD from the server. Sleeping for [1000] ms.
[Info] Received OVERLOAD from the server. Sleeping for [1000] ms.
[Info] Received OVERLOAD from the server. Sleeping for [1000] ms.
[Info] Received OVERLOAD from the server. Sleeping for [1000] ms.
[Info] Received OVERLOAD from the server. Sleeping for [1000] ms.
[Info] Received OVERLOAD from the server. Sleeping for [1000] ms.
[Info] Received OVERLOAD from the server. Sleeping for [1000] ms.
[Info] Received OVERLOAD from the server. Sleeping for [1000] ms.
Test time limit reached: 60.0s.
Test completed after 38457 closed loops.
[Test] Checking if server is up ...
Test Passed. Server is ok.
Test Status: TEST_PASSED
Clients: 1
Total Requests (without replies): 76914
Total Requests (including replies): 76934
Successful Responses: 76909
Timeout Responses: 5
Total Failed Responses: 0
% Success: 99.99349923290949
% Timeout: 0.006500767090516681
% Failed: 0.0
Response Time (Successful requests):
[max] 12ms, [min] 0ms
[avg] 0.06841852058926784 ms, [stdev] 0.2578137434487972ms
Throughput: 1214.687302590019 requests per second
Goodput: 1214.6083385975994 requests per second
Retry Rate (Successful requests): 1.0002600306836207

[ TEST Multi Client Performance (2 clients, 60.0 seconds): PUT -> GET (closed loop) ]
[Info] Received OVERLOAD from the server. Sleeping for [1000] ms.
[Info] Received OVERLOAD from the server. Sleeping for [1000] ms.
[Info] Received OVERLOAD from the server. Sleeping for [1000] ms.
[Info] Received OVERLOAD from the server. Sleeping for [1000] ms.
[Info] Received OVERLOAD from the server. Sleeping for [1000] ms.
[Info] Received OVERLOAD from the server. Sleeping for [1000] ms.
[Info] Received OVERLOAD from the server. Sleeping for [1000] ms.
[Info] Received OVERLOAD from the server. Sleeping for [1000] ms.
[Info] Received OVERLOAD from the server. Sleeping for [1000] ms.
[Info] Received OVERLOAD from the server. Sleeping for [1000] ms.
[Info] Received OVERLOAD from the server. Sleeping for [1000] ms.
[Info] Received OVERLOAD from the server. Sleeping for [1000] ms.
[Info] Received OVERLOAD from the server. Sleeping for [1000] ms.
[Info] Received OVERLOAD from the server. Sleeping for [1000] ms.
[Info] Received OVERLOAD from the server. Sleeping for [1000] ms.
[Info] Received OVERLOAD from the server. Sleeping for [1000] ms.
[Info] Received OVERLOAD from the server. Sleeping for [1000] ms.
[Info] Received OVERLOAD from the server. Sleeping for [1000] ms.
[Info] Received OVERLOAD from the server. Sleeping for [1000] ms.
[Info] Received OVERLOAD from the server. Sleeping for [1000] ms.
[Info] Received OVERLOAD from the server. Sleeping for [1000] ms.
[Info] Received OVERLOAD from the server. Sleeping for [1000] ms.
[Info] Received OVERLOAD from the server. Sleeping for [1000] ms.
[Info] Received OVERLOAD from the server. Sleeping for [1000] ms.
[Info] Received OVERLOAD from the server. Sleeping for [1000] ms.
[Info] Received OVERLOAD from the server. Sleeping for [1000] ms.
[Info] Received OVERLOAD from the server. Sleeping for [1000] ms.
[Info] Received OVERLOAD from the server. Sleeping for [1000] ms.
[Info] Received OVERLOAD from the server. Sleeping for [1000] ms.
[Info] Received OVERLOAD from the server. Sleeping for [1000] ms.
[Info] Received OVERLOAD from the server. Sleeping for [1000] ms.
[Info] Received OVERLOAD from the server. Sleeping for [1000] ms.
[Info] Received OVERLOAD from the server. Sleeping for [1000] ms.
[Info] Received OVERLOAD from the server. Sleeping for [1000] ms.
[Info] Received OVERLOAD from the server. Sleeping for [1000] ms.
[Info] Received OVERLOAD from the server. Sleeping for [1000] ms.
[Info] Received OVERLOAD from the server. Sleeping for [1000] ms.
[Info] Received OVERLOAD from the server. Sleeping for [1000] ms.
[Info] Received OVERLOAD from the server. Sleeping for [1000] ms.
[Info] Received OVERLOAD from the server. Sleeping for [1000] ms.
[Info] Received OVERLOAD from the server. Sleeping for [1000] ms.
[Info] Received OVERLOAD from the server. Sleeping for [1000] ms.
[Info] Received OVERLOAD from the server. Sleeping for [1000] ms.
[Info] Received OVERLOAD from the server. Sleeping for [1000] ms.
[Info] Received OVERLOAD from the server. Sleeping for [1000] ms.
[Info] Received OVERLOAD from the server. Sleeping for [1000] ms.
[Info] Received OVERLOAD from the server. Sleeping for [1000] ms.
[Info] Received OVERLOAD from the server. Sleeping for [1000] ms.
[Info] Received OVERLOAD from the server. Sleeping for [1000] ms.
[Info] Received OVERLOAD from the server. Sleeping for [1000] ms.
[Info] Received OVERLOAD from the server. Sleeping for [1000] ms.
[Info] Received OVERLOAD from the server. Sleeping for [1000] ms.
[Info] Received OVERLOAD from the server. Sleeping for [1000] ms.
[Info] Received OVERLOAD from the server. Sleeping for [1000] ms.
[Info] Received OVERLOAD from the server. Sleeping for [1000] ms.
[Info] Received OVERLOAD from the server. Sleeping for [1000] ms.
[Info] Received OVERLOAD from the server. Sleeping for [1000] ms.
[Info] Received OVERLOAD from the server. Sleeping for [1000] ms.
[Info] Received OVERLOAD from the server. Sleeping for [1000] ms.
[Info] Received OVERLOAD from the server. Sleeping for [1000] ms.
[Info] Received OVERLOAD from the server. Sleeping for [1000] ms.
[Info] Received OVERLOAD from the server. Sleeping for [1000] ms.
[Info] Received OVERLOAD from the server. Sleeping for [1000] ms.
Test time limit reached: 60.0s.
Test completed after 45395 closed loops.
Test time limit reached: 60.0s.
Test completed after 27119 closed loops.
[Test] Checking if server is up ...
Test Passed. Server is ok.
Test Status: TEST_PASSED
Clients: 2
Total Requests (without replies): 145028
Total Requests (including replies): 145056
Successful Responses: 145021
Timeout Responses: 7
Total Failed Responses: 0
% Success: 99.99517334583666
% Timeout: 0.004826654163333977
% Failed: 0.0
Response Time (Successful requests):
[max] 29ms, [min] 0ms
[avg] 0.07067941884278829 ms, [stdev] 0.26899578798697377ms
Throughput: 2356.0718057022177 requests per second
Goodput: 2355.9580862643165 requests per second
Retry Rate (Successful requests): 1.0001930661665333

[ TEST Multi Client Performance (4 clients, 60.0 seconds): PUT -> GET (closed loop) ]
[Info] Received OVERLOAD from the server. Sleeping for [1000] ms.
[Info] Received OVERLOAD from the server. Sleeping for [1000] ms.
[Info] Received OVERLOAD from the server. Sleeping for [1000] ms.
[Info] Received OVERLOAD from the server. Sleeping for [1000] ms.
[Info] Received OVERLOAD from the server. Sleeping for [1000] ms.
[Info] Received OVERLOAD from the server. Sleeping for [1000] ms.
[Info] Received OVERLOAD from the server. Sleeping for [1000] ms.
[Info] Received OVERLOAD from the server. Sleeping for [1000] ms.
[Info] Received OVERLOAD from the server. Sleeping for [1000] ms.
[Info] Received OVERLOAD from the server. Sleeping for [1000] ms.
[Info] Received OVERLOAD from the server. Sleeping for [1000] ms.
[Info] Received OVERLOAD from the server. Sleeping for [1000] ms.
[Info] Received OVERLOAD from the server. Sleeping for [1000] ms.
[Info] Received OVERLOAD from the server. Sleeping for [1000] ms.
[Info] Received OVERLOAD from the server. Sleeping for [1000] ms.
[Info] Received OVERLOAD from the server. Sleeping for [1000] ms.
[Info] Received OVERLOAD from the server. Sleeping for [1000] ms.
[Info] Received OVERLOAD from the server. Sleeping for [1000] ms.
[Info] Received OVERLOAD from the server. Sleeping for [1000] ms.
[Info] Received OVERLOAD from the server. Sleeping for [1000] ms.
[Info] Received OVERLOAD from the server. Sleeping for [1000] ms.
[Info] Received OVERLOAD from the server. Sleeping for [1000] ms.
[Info] Received OVERLOAD from the server. Sleeping for [1000] ms.
[Info] Received OVERLOAD from the server. Sleeping for [1000] ms.
[Info] Received OVERLOAD from the server. Sleeping for [1000] ms.
[Info] Received OVERLOAD from the server. Sleeping for [1000] ms.
[Info] Received OVERLOAD from the server. Sleeping for [1000] ms.
[Info] Received OVERLOAD from the server. Sleeping for [1000] ms.
[Info] Received OVERLOAD from the server. Sleeping for [1000] ms.
[Info] Received OVERLOAD from the server. Sleeping for [1000] ms.
[Info] Received OVERLOAD from the server. Sleeping for [1000] ms.
[Info] Received OVERLOAD from the server. Sleeping for [1000] ms.
[Info] Received OVERLOAD from the server. Sleeping for [1000] ms.
[Info] Received OVERLOAD from the server. Sleeping for [1000] ms.
[Info] Received OVERLOAD from the server. Sleeping for [1000] ms.
[Info] Received OVERLOAD from the server. Sleeping for [1000] ms.
[Info] Received OVERLOAD from the server. Sleeping for [1000] ms.
[Info] Received OVERLOAD from the server. Sleeping for [1000] ms.
[Info] Received OVERLOAD from the server. Sleeping for [1000] ms.
[Info] Received OVERLOAD from the server. Sleeping for [1000] ms.
[Info] Received OVERLOAD from the server. Sleeping for [1000] ms.
[Info] Received OVERLOAD from the server. Sleeping for [1000] ms.
[Info] Received OVERLOAD from the server. Sleeping for [1000] ms.
[Info] Received OVERLOAD from the server. Sleeping for [1000] ms.
[Info] Received OVERLOAD from the server. Sleeping for [1000] ms.
[Info] Received OVERLOAD from the server. Sleeping for [1000] ms.
[Info] Received OVERLOAD from the server. Sleeping for [1000] ms.
[Info] Received OVERLOAD from the server. Sleeping for [1000] ms.
[Info] Received OVERLOAD from the server. Sleeping for [1000] ms.
[Info] Received OVERLOAD from the server. Sleeping for [1000] ms.
[Info] Received OVERLOAD from the server. Sleeping for [1000] ms.
[Info] Received OVERLOAD from the server. Sleeping for [1000] ms.
[Info] Received OVERLOAD from the server. Sleeping for [1000] ms.
[Info] Received OVERLOAD from the server. Sleeping for [1000] ms.
[Info] Received OVERLOAD from the server. Sleeping for [1000] ms.
[Info] Received OVERLOAD from the server. Sleeping for [1000] ms.
[Info] Received OVERLOAD from the server. Sleeping for [1000] ms.
[Info] Received OVERLOAD from the server. Sleeping for [1000] ms.
[Info] Received OVERLOAD from the server. Sleeping for [1000] ms.
[Info] Received OVERLOAD from the server. Sleeping for [1000] ms.
[Info] Received OVERLOAD from the server. Sleeping for [1000] ms.
[Info] Received OVERLOAD from the server. Sleeping for [1000] ms.
[Info] Received OVERLOAD from the server. Sleeping for [1000] ms.
[Info] Received OVERLOAD from the server. Sleeping for [1000] ms.
[Info] Received OVERLOAD from the server. Sleeping for [1000] ms.
[Info] Received OVERLOAD from the server. Sleeping for [1000] ms.
[Info] Received OVERLOAD from the server. Sleeping for [1000] ms.
[Info] Received OVERLOAD from the server. Sleeping for [1000] ms.
[Info] Received OVERLOAD from the server. Sleeping for [1000] ms.
[Info] Received OVERLOAD from the server. Sleeping for [1000] ms.
[Info] Received OVERLOAD from the server. Sleeping for [1000] ms.
[Info] Received OVERLOAD from the server. Sleeping for [1000] ms.
[Info] Received OVERLOAD from the server. Sleeping for [1000] ms.
[Info] Received OVERLOAD from the server. Sleeping for [1000] ms.
[Info] Received OVERLOAD from the server. Sleeping for [1000] ms.
[Info] Received OVERLOAD from the server. Sleeping for [1000] ms.
[Info] Received OVERLOAD from the server. Sleeping for [1000] ms.
[Info] Received OVERLOAD from the server. Sleeping for [1000] ms.
[Info] Received OVERLOAD from the server. Sleeping for [1000] ms.
[Info] Received OVERLOAD from the server. Sleeping for [1000] ms.
[Info] Received OVERLOAD from the server. Sleeping for [1000] ms.
[Info] Received OVERLOAD from the server. Sleeping for [1000] ms.
[Info] Received OVERLOAD from the server. Sleeping for [1000] ms.
[Info] Received OVERLOAD from the server. Sleeping for [1000] ms.
[Info] Received OVERLOAD from the server. Sleeping for [1000] ms.
[Info] Received OVERLOAD from the server. Sleeping for [1000] ms.
[Info] Received OVERLOAD from the server. Sleeping for [1000] ms.
[Info] Received OVERLOAD from the server. Sleeping for [1000] ms.
[Info] Received OVERLOAD from the server. Sleeping for [1000] ms.
[Info] Received OVERLOAD from the server. Sleeping for [1000] ms.
[Info] Received OVERLOAD from the server. Sleeping for [1000] ms.
[Info] Received OVERLOAD from the server. Sleeping for [1000] ms.
[Info] Received OVERLOAD from the server. Sleeping for [1000] ms.
[Info] Received OVERLOAD from the server. Sleeping for [1000] ms.
[Info] Received OVERLOAD from the server. Sleeping for [1000] ms.
[Info] Received OVERLOAD from the server. Sleeping for [1000] ms.
[Info] Received OVERLOAD from the server. Sleeping for [1000] ms.
[Info] Received OVERLOAD from the server. Sleeping for [1000] ms.
[Info] Received OVERLOAD from the server. Sleeping for [1000] ms.
[Info] Received OVERLOAD from the server. Sleeping for [1000] ms.
[Info] Received OVERLOAD from the server. Sleeping for [1000] ms.
[Info] Received OVERLOAD from the server. Sleeping for [1000] ms.
[Info] Received OVERLOAD from the server. Sleeping for [1000] ms.
[Info] Received OVERLOAD from the server. Sleeping for [1000] ms.
[Info] Received OVERLOAD from the server. Sleeping for [1000] ms.
[Info] Received OVERLOAD from the server. Sleeping for [1000] ms.
[Info] Received OVERLOAD from the server. Sleeping for [1000] ms.
[Info] Received OVERLOAD from the server. Sleeping for [1000] ms.
[Info] Received OVERLOAD from the server. Sleeping for [1000] ms.
[Info] Received OVERLOAD from the server. Sleeping for [1000] ms.
[Info] Received OVERLOAD from the server. Sleeping for [1000] ms.
[Info] Received OVERLOAD from the server. Sleeping for [1000] ms.
[Info] Received OVERLOAD from the server. Sleeping for [1000] ms.
[Info] Received OVERLOAD from the server. Sleeping for [1000] ms.
[Info] Received OVERLOAD from the server. Sleeping for [1000] ms.
[Info] Received OVERLOAD from the server. Sleeping for [1000] ms.
[Info] Received OVERLOAD from the server. Sleeping for [1000] ms.
[Info] Received OVERLOAD from the server. Sleeping for [1000] ms.
[Info] Received OVERLOAD from the server. Sleeping for [1000] ms.
[Info] Received OVERLOAD from the server. Sleeping for [1000] ms.
[Info] Received OVERLOAD from the server. Sleeping for [1000] ms.
[Info] Received OVERLOAD from the server. Sleeping for [1000] ms.
[Info] Received OVERLOAD from the server. Sleeping for [1000] ms.
[Info] Received OVERLOAD from the server. Sleeping for [1000] ms.
[Info] Received OVERLOAD from the server. Sleeping for [1000] ms.
[Info] Received OVERLOAD from the server. Sleeping for [1000] ms.
[Info] Received OVERLOAD from the server. Sleeping for [1000] ms.
[Info] Received OVERLOAD from the server. Sleeping for [1000] ms.
[Info] Received OVERLOAD from the server. Sleeping for [1000] ms.
[Info] Received OVERLOAD from the server. Sleeping for [1000] ms.
[Info] Received OVERLOAD from the server. Sleeping for [1000] ms.
[Info] Received OVERLOAD from the server. Sleeping for [1000] ms.
[Info] Received OVERLOAD from the server. Sleeping for [1000] ms.
[Info] Received OVERLOAD from the server. Sleeping for [1000] ms.
[Info] Received OVERLOAD from the server. Sleeping for [1000] ms.
[Info] Received OVERLOAD from the server. Sleeping for [1000] ms.
[Info] Received OVERLOAD from the server. Sleeping for [1000] ms.
[Info] Received OVERLOAD from the server. Sleeping for [1000] ms.
[Info] Received OVERLOAD from the server. Sleeping for [1000] ms.
[Info] Received OVERLOAD from the server. Sleeping for [1000] ms.
[Info] Received OVERLOAD from the server. Sleeping for [1000] ms.
[Info] Received OVERLOAD from the server. Sleeping for [1000] ms.
[Info] Received OVERLOAD from the server. Sleeping for [1000] ms.
[Info] Received OVERLOAD from the server. Sleeping for [1000] ms.
[Info] Received OVERLOAD from the server. Sleeping for [1000] ms.
[Info] Received OVERLOAD from the server. Sleeping for [1000] ms.
[Info] Received OVERLOAD from the server. Sleeping for [1000] ms.
[Info] Received OVERLOAD from the server. Sleeping for [1000] ms.
[Info] Received OVERLOAD from the server. Sleeping for [1000] ms.
[Info] Received OVERLOAD from the server. Sleeping for [1000] ms.
[Info] Received OVERLOAD from the server. Sleeping for [1000] ms.
[Info] Received OVERLOAD from the server. Sleeping for [1000] ms.
[Info] Received OVERLOAD from the server. Sleeping for [1000] ms.
[Info] Received OVERLOAD from the server. Sleeping for [1000] ms.
[Info] Received OVERLOAD from the server. Sleeping for [1000] ms.
[Info] Received OVERLOAD from the server. Sleeping for [1000] ms.
[Info] Received OVERLOAD from the server. Sleeping for [1000] ms.
[Info] Received OVERLOAD from the server. Sleeping for [1000] ms.
[Info] Received OVERLOAD from the server. Sleeping for [1000] ms.
[Info] Received OVERLOAD from the server. Sleeping for [1000] ms.
[Info] Received OVERLOAD from the server. Sleeping for [1000] ms.
[Info] Received OVERLOAD from the server. Sleeping for [1000] ms.
[Info] Received OVERLOAD from the server. Sleeping for [1000] ms.
[Info] Received OVERLOAD from the server. Sleeping for [1000] ms.
[Info] Received OVERLOAD from the server. Sleeping for [1000] ms.
[Info] Received OVERLOAD from the server. Sleeping for [1000] ms.
[Info] Received OVERLOAD from the server. Sleeping for [1000] ms.
[Info] Received OVERLOAD from the server. Sleeping for [1000] ms.
[Info] Received OVERLOAD from the server. Sleeping for [1000] ms.
[Info] Received OVERLOAD from the server. Sleeping for [1000] ms.
[Info] Received OVERLOAD from the server. Sleeping for [1000] ms.
[Info] Received OVERLOAD from the server. Sleeping for [1000] ms.
[Info] Received OVERLOAD from the server. Sleeping for [1000] ms.
[Info] Received OVERLOAD from the server. Sleeping for [1000] ms.
[Info] Received OVERLOAD from the server. Sleeping for [1000] ms.
[Info] Received OVERLOAD from the server. Sleeping for [1000] ms.
[Info] Received OVERLOAD from the server. Sleeping for [1000] ms.
[Info] Received OVERLOAD from the server. Sleeping for [1000] ms.
[Info] Received OVERLOAD from the server. Sleeping for [1000] ms.
[Info] Received OVERLOAD from the server. Sleeping for [1000] ms.
[Info] Received OVERLOAD from the server. Sleeping for [1000] ms.
[Info] Received OVERLOAD from the server. Sleeping for [1000] ms.
[Info] Received OVERLOAD from the server. Sleeping for [1000] ms.
[Info] Received OVERLOAD from the server. Sleeping for [1000] ms.
[Info] Received OVERLOAD from the server. Sleeping for [1000] ms.
[Info] Received OVERLOAD from the server. Sleeping for [1000] ms.
[Info] Received OVERLOAD from the server. Sleeping for [1000] ms.
[Info] Received OVERLOAD from the server. Sleeping for [1000] ms.
[Info] Received OVERLOAD from the server. Sleeping for [1000] ms.
[Info] Received OVERLOAD from the server. Sleeping for [1000] ms.
[Info] Received OVERLOAD from the server. Sleeping for [1000] ms.
[Info] Received OVERLOAD from the server. Sleeping for [1000] ms.
[Info] Received OVERLOAD from the server. Sleeping for [1000] ms.
Test time limit reached: 60.0s.
Test completed after 28833 closed loops.
Test time limit reached: 60.0s.
Test completed after 16858 closed loops.
Test time limit reached: 60.0s.
Test time limit reached: 60.0s.
Test completed after 19370 closed loops.
Test completed after 24550 closed loops.
[Test] Checking if server is up ...
Test Passed. Server is ok.
Test Status: TEST_PASSED
Clients: 4
Total Requests (without replies): 179222
Total Requests (including replies): 179238
Successful Responses: 179218
Timeout Responses: 4
Total Failed Responses: 0
% Success: 99.99776813114461
% Timeout: 0.0022318688553860577
% Failed: 0.0
Response Time (Successful requests):
[max] 9ms, [min] 0ms
[avg] 0.09512437366782354 ms, [stdev] 0.2965645610719869ms
Throughput: 2950.253506288273 requests per second
Goodput: 2950.187660499111 requests per second
Retry Rate (Successful requests): 1.0000892747542154

[ TEST Multi Client Performance (8 clients, 60.0 seconds): PUT -> GET (closed loop) ]
[Info] Received OVERLOAD from the server. Sleeping for [1000] ms.
[Info] Received OVERLOAD from the server. Sleeping for [1000] ms.
[Info] Received OVERLOAD from the server. Sleeping for [1000] ms.
[Info] Received OVERLOAD from the server. Sleeping for [1000] ms.
[Info] Received OVERLOAD from the server. Sleeping for [1000] ms.
[Info] Received OVERLOAD from the server. Sleeping for [1000] ms.
[Info] Received OVERLOAD from the server. Sleeping for [1000] ms.
[Info] Received OVERLOAD from the server. Sleeping for [1000] ms.
[Info] Received OVERLOAD from the server. Sleeping for [1000] ms.
[Info] Received OVERLOAD from the server. Sleeping for [1000] ms.
[Info] Received OVERLOAD from the server. Sleeping for [1000] ms.
[Info] Received OVERLOAD from the server. Sleeping for [1000] ms.
[Info] Received OVERLOAD from the server. Sleeping for [1000] ms.
[Info] Received OVERLOAD from the server. Sleeping for [1000] ms.
[Info] Received OVERLOAD from the server. Sleeping for [1000] ms.
[Info] Received OVERLOAD from the server. Sleeping for [1000] ms.
[Info] Received OVERLOAD from the server. Sleeping for [1000] ms.
[Info] Received OVERLOAD from the server. Sleeping for [1000] ms.
[Info] Received OVERLOAD from the server. Sleeping for [1000] ms.
[Info] Received OVERLOAD from the server. Sleeping for [1000] ms.
[Info] Received OVERLOAD from the server. Sleeping for [1000] ms.
[Info] Received OVERLOAD from the server. Sleeping for [1000] ms.
[Info] Received OVERLOAD from the server. Sleeping for [1000] ms.
[Info] Received OVERLOAD from the server. Sleeping for [1000] ms.
[Info] Received OVERLOAD from the server. Sleeping for [1000] ms.
[Info] Received OVERLOAD from the server. Sleeping for [1000] ms.
[Info] Received OVERLOAD from the server. Sleeping for [1000] ms.
[Info] Received OVERLOAD from the server. Sleeping for [1000] ms.
[Info] Received OVERLOAD from the server. Sleeping for [1000] ms.
[Info] Received OVERLOAD from the server. Sleeping for [1000] ms.
[Info] Received OVERLOAD from the server. Sleeping for [1000] ms.
[Info] Received OVERLOAD from the server. Sleeping for [1000] ms.
[Info] Received OVERLOAD from the server. Sleeping for [1000] ms.
[Info] Received OVERLOAD from the server. Sleeping for [1000] ms.
[Info] Received OVERLOAD from the server. Sleeping for [1000] ms.
[Info] Received OVERLOAD from the server. Sleeping for [1000] ms.
[Info] Received OVERLOAD from the server. Sleeping for [1000] ms.
[Info] Received OVERLOAD from the server. Sleeping for [1000] ms.
[Info] Received OVERLOAD from the server. Sleeping for [1000] ms.
[Info] Received OVERLOAD from the server. Sleeping for [1000] ms.
[Info] Received OVERLOAD from the server. Sleeping for [1000] ms.
[Info] Received OVERLOAD from the server. Sleeping for [1000] ms.
[Info] Received OVERLOAD from the server. Sleeping for [1000] ms.
[Info] Received OVERLOAD from the server. Sleeping for [1000] ms.
[Info] Received OVERLOAD from the server. Sleeping for [1000] ms.
[Info] Received OVERLOAD from the server. Sleeping for [1000] ms.
[Info] Received OVERLOAD from the server. Sleeping for [1000] ms.
[Info] Received OVERLOAD from the server. Sleeping for [1000] ms.
[Info] Received OVERLOAD from the server. Sleeping for [1000] ms.
[Info] Received OVERLOAD from the server. Sleeping for [1000] ms.
[Info] Received OVERLOAD from the server. Sleeping for [1000] ms.
[Info] Received OVERLOAD from the server. Sleeping for [1000] ms.
[Info] Received OVERLOAD from the server. Sleeping for [1000] ms.
[Info] Received OVERLOAD from the server. Sleeping for [1000] ms.
[Info] Received OVERLOAD from the server. Sleeping for [1000] ms.
[Info] Received OVERLOAD from the server. Sleeping for [1000] ms.
[Info] Received OVERLOAD from the server. Sleeping for [1000] ms.
[Info] Received OVERLOAD from the server. Sleeping for [1000] ms.
[Info] Received OVERLOAD from the server. Sleeping for [1000] ms.
[Info] Received OVERLOAD from the server. Sleeping for [1000] ms.
[Info] Received OVERLOAD from the server. Sleeping for [1000] ms.
[Info] Received OVERLOAD from the server. Sleeping for [1000] ms.
[Info] Received OVERLOAD from the server. Sleeping for [1000] ms.
[Info] Received OVERLOAD from the server. Sleeping for [1000] ms.
[Info] Received OVERLOAD from the server. Sleeping for [1000] ms.
[Info] Received OVERLOAD from the server. Sleeping for [1000] ms.
[Info] Received OVERLOAD from the server. Sleeping for [1000] ms.
[Info] Received OVERLOAD from the server. Sleeping for [1000] ms.
[Info] Received OVERLOAD from the server. Sleeping for [1000] ms.
[Info] Received OVERLOAD from the server. Sleeping for [1000] ms.
[Info] Received OVERLOAD from the server. Sleeping for [1000] ms.
[Info] Received OVERLOAD from the server. Sleeping for [1000] ms.
[Info] Received OVERLOAD from the server. Sleeping for [1000] ms.
[Info] Received OVERLOAD from the server. Sleeping for [1000] ms.
[Info] Received OVERLOAD from the server. Sleeping for [1000] ms.
[Info] Received OVERLOAD from the server. Sleeping for [1000] ms.
[Info] Received OVERLOAD from the server. Sleeping for [1000] ms.
[Info] Received OVERLOAD from the server. Sleeping for [1000] ms.
[Info] Received OVERLOAD from the server. Sleeping for [1000] ms.
[Info] Received OVERLOAD from the server. Sleeping for [1000] ms.
[Info] Received OVERLOAD from the server. Sleeping for [1000] ms.
[Info] Received OVERLOAD from the server. Sleeping for [1000] ms.
[Info] Received OVERLOAD from the server. Sleeping for [1000] ms.
[Info] Received OVERLOAD from the server. Sleeping for [1000] ms.
[Info] Received OVERLOAD from the server. Sleeping for [1000] ms.
[Info] Received OVERLOAD from the server. Sleeping for [1000] ms.
[Info] Received OVERLOAD from the server. Sleeping for [1000] ms.
[Info] Received OVERLOAD from the server. Sleeping for [1000] ms.
[Info] Received OVERLOAD from the server. Sleeping for [1000] ms.
[Info] Received OVERLOAD from the server. Sleeping for [1000] ms.
[Info] Received OVERLOAD from the server. Sleeping for [1000] ms.
[Info] Received OVERLOAD from the server. Sleeping for [1000] ms.
[Info] Received OVERLOAD from the server. Sleeping for [1000] ms.
[Info] Received OVERLOAD from the server. Sleeping for [1000] ms.
[Info] Received OVERLOAD from the server. Sleeping for [1000] ms.
[Info] Received OVERLOAD from the server. Sleeping for [1000] ms.
[Info] Received OVERLOAD from the server. Sleeping for [1000] ms.
[Info] Received OVERLOAD from the server. Sleeping for [1000] ms.
[Info] Received OVERLOAD from the server. Sleeping for [1000] ms.
[Info] Received OVERLOAD from the server. Sleeping for [1000] ms.
[Info] Received OVERLOAD from the server. Sleeping for [1000] ms.
[Info] Received OVERLOAD from the server. Sleeping for [1000] ms.
[Info] Received OVERLOAD from the server. Sleeping for [1000] ms.
[Info] Received OVERLOAD from the server. Sleeping for [1000] ms.
[Info] Received OVERLOAD from the server. Sleeping for [1000] ms.
[Info] Received OVERLOAD from the server. Sleeping for [1000] ms.
[Info] Received OVERLOAD from the server. Sleeping for [1000] ms.
[Info] Received OVERLOAD from the server. Sleeping for [1000] ms.
[Info] Received OVERLOAD from the server. Sleeping for [1000] ms.
[Info] Received OVERLOAD from the server. Sleeping for [1000] ms.
[Info] Received OVERLOAD from the server. Sleeping for [1000] ms.
[Info] Received OVERLOAD from the server. Sleeping for [1000] ms.
[Info] Received OVERLOAD from the server. Sleeping for [1000] ms.
[Info] Received OVERLOAD from the server. Sleeping for [1000] ms.
[Info] Received OVERLOAD from the server. Sleeping for [1000] ms.
[Info] Received OVERLOAD from the server. Sleeping for [1000] ms.
[Info] Received OVERLOAD from the server. Sleeping for [1000] ms.
[Info] Received OVERLOAD from the server. Sleeping for [1000] ms.
[Info] Received OVERLOAD from the server. Sleeping for [1000] ms.
[Info] Received OVERLOAD from the server. Sleeping for [1000] ms.
[Info] Received OVERLOAD from the server. Sleeping for [1000] ms.
[Info] Received OVERLOAD from the server. Sleeping for [1000] ms.
[Info] Received OVERLOAD from the server. Sleeping for [1000] ms.
[Info] Received OVERLOAD from the server. Sleeping for [1000] ms.
[Info] Received OVERLOAD from the server. Sleeping for [1000] ms.
[Info] Received OVERLOAD from the server. Sleeping for [1000] ms.
[Info] Received OVERLOAD from the server. Sleeping for [1000] ms.
[Info] Received OVERLOAD from the server. Sleeping for [1000] ms.
[Info] Received OVERLOAD from the server. Sleeping for [1000] ms.
[Info] Received OVERLOAD from the server. Sleeping for [1000] ms.
[Info] Received OVERLOAD from the server. Sleeping for [1000] ms.
[Info] Received OVERLOAD from the server. Sleeping for [1000] ms.
[Info] Received OVERLOAD from the server. Sleeping for [1000] ms.
[Info] Received OVERLOAD from the server. Sleeping for [1000] ms.
[Info] Received OVERLOAD from the server. Sleeping for [1000] ms.
[Info] Received OVERLOAD from the server. Sleeping for [1000] ms.
[Info] Received OVERLOAD from the server. Sleeping for [1000] ms.
[Info] Received OVERLOAD from the server. Sleeping for [1000] ms.
[Info] Received OVERLOAD from the server. Sleeping for [1000] ms.
[Info] Received OVERLOAD from the server. Sleeping for [1000] ms.
[Info] Received OVERLOAD from the server. Sleeping for [1000] ms.
[Info] Received OVERLOAD from the server. Sleeping for [1000] ms.
[Info] Received OVERLOAD from the server. Sleeping for [1000] ms.
[Info] Received OVERLOAD from the server. Sleeping for [1000] ms.
[Info] Received OVERLOAD from the server. Sleeping for [1000] ms.
[Info] Received OVERLOAD from the server. Sleeping for [1000] ms.
[Info] Received OVERLOAD from the server. Sleeping for [1000] ms.
[Info] Received OVERLOAD from the server. Sleeping for [1000] ms.
[Info] Received OVERLOAD from the server. Sleeping for [1000] ms.
[Info] Received OVERLOAD from the server. Sleeping for [1000] ms.
[Info] Received OVERLOAD from the server. Sleeping for [1000] ms.
[Info] Received OVERLOAD from the server. Sleeping for [1000] ms.
[Info] Received OVERLOAD from the server. Sleeping for [1000] ms.
[Info] Received OVERLOAD from the server. Sleeping for [1000] ms.
[Info] Received OVERLOAD from the server. Sleeping for [1000] ms.
[Info] Received OVERLOAD from the server. Sleeping for [1000] ms.
[Info] Received OVERLOAD from the server. Sleeping for [1000] ms.
[Info] Received OVERLOAD from the server. Sleeping for [1000] ms.
[Info] Received OVERLOAD from the server. Sleeping for [1000] ms.
[Info] Received OVERLOAD from the server. Sleeping for [1000] ms.
[Info] Received OVERLOAD from the server. Sleeping for [1000] ms.
[Info] Received OVERLOAD from the server. Sleeping for [1000] ms.
[Info] Received OVERLOAD from the server. Sleeping for [1000] ms.
[Info] Received OVERLOAD from the server. Sleeping for [1000] ms.
[Info] Received OVERLOAD from the server. Sleeping for [1000] ms.
[Info] Received OVERLOAD from the server. Sleeping for [1000] ms.
[Info] Received OVERLOAD from the server. Sleeping for [1000] ms.
[Info] Received OVERLOAD from the server. Sleeping for [1000] ms.
[Info] Received OVERLOAD from the server. Sleeping for [1000] ms.
[Info] Received OVERLOAD from the server. Sleeping for [1000] ms.
[Info] Received OVERLOAD from the server. Sleeping for [1000] ms.
[Info] Received OVERLOAD from the server. Sleeping for [1000] ms.
[Info] Received OVERLOAD from the server. Sleeping for [1000] ms.
[Info] Received OVERLOAD from the server. Sleeping for [1000] ms.
[Info] Received OVERLOAD from the server. Sleeping for [1000] ms.
[Info] Received OVERLOAD from the server. Sleeping for [1000] ms.
[Info] Received OVERLOAD from the server. Sleeping for [1000] ms.
[Info] Received OVERLOAD from the server. Sleeping for [1000] ms.
[Info] Received OVERLOAD from the server. Sleeping for [1000] ms.
[Info] Received OVERLOAD from the server. Sleeping for [1000] ms.
[Info] Received OVERLOAD from the server. Sleeping for [1000] ms.
[Info] Received OVERLOAD from the server. Sleeping for [1000] ms.
[Info] Received OVERLOAD from the server. Sleeping for [1000] ms.
[Info] Received OVERLOAD from the server. Sleeping for [1000] ms.
[Info] Received OVERLOAD from the server. Sleeping for [1000] ms.
[Info] Received OVERLOAD from the server. Sleeping for [1000] ms.
[Info] Received OVERLOAD from the server. Sleeping for [1000] ms.
[Info] Received OVERLOAD from the server. Sleeping for [1000] ms.
[Info] Received OVERLOAD from the server. Sleeping for [1000] ms.
[Info] Received OVERLOAD from the server. Sleeping for [1000] ms.
[Info] Received OVERLOAD from the server. Sleeping for [1000] ms.
[Info] Received OVERLOAD from the server. Sleeping for [1000] ms.
[Info] Received OVERLOAD from the server. Sleeping for [1000] ms.
[Info] Received OVERLOAD from the server. Sleeping for [1000] ms.
[Info] Received OVERLOAD from the server. Sleeping for [1000] ms.
[Info] Received OVERLOAD from the server. Sleeping for [1000] ms.
[Info] Received OVERLOAD from the server. Sleeping for [1000] ms.
[Info] Received OVERLOAD from the server. Sleeping for [1000] ms.
[Info] Received OVERLOAD from the server. Sleeping for [1000] ms.
[Info] Received OVERLOAD from the server. Sleeping for [1000] ms.
[Info] Received OVERLOAD from the server. Sleeping for [1000] ms.
[Info] Received OVERLOAD from the server. Sleeping for [1000] ms.
[Info] Received OVERLOAD from the server. Sleeping for [1000] ms.
[Info] Received OVERLOAD from the server. Sleeping for [1000] ms.
[Info] Received OVERLOAD from the server. Sleeping for [1000] ms.
[Info] Received OVERLOAD from the server. Sleeping for [1000] ms.
[Info] Received OVERLOAD from the server. Sleeping for [1000] ms.
[Info] Received OVERLOAD from the server. Sleeping for [1000] ms.
[Info] Received OVERLOAD from the server. Sleeping for [1000] ms.
[Info] Received OVERLOAD from the server. Sleeping for [1000] ms.
[Info] Received OVERLOAD from the server. Sleeping for [1000] ms.
[Info] Received OVERLOAD from the server. Sleeping for [1000] ms.
[Info] Received OVERLOAD from the server. Sleeping for [1000] ms.
[Info] Received OVERLOAD from the server. Sleeping for [1000] ms.
[Info] Received OVERLOAD from the server. Sleeping for [1000] ms.
[Info] Received OVERLOAD from the server. Sleeping for [1000] ms.
[Info] Received OVERLOAD from the server. Sleeping for [1000] ms.
[Info] Received OVERLOAD from the server. Sleeping for [1000] ms.
[Info] Received OVERLOAD from the server. Sleeping for [1000] ms.
[Info] Received OVERLOAD from the server. Sleeping for [1000] ms.
[Info] Received OVERLOAD from the server. Sleeping for [1000] ms.
[Info] Received OVERLOAD from the server. Sleeping for [1000] ms.
[Info] Received OVERLOAD from the server. Sleeping for [1000] ms.
[Info] Received OVERLOAD from the server. Sleeping for [1000] ms.
[Info] Received OVERLOAD from the server. Sleeping for [1000] ms.
[Info] Received OVERLOAD from the server. Sleeping for [1000] ms.
[Info] Received OVERLOAD from the server. Sleeping for [1000] ms.
[Info] Received OVERLOAD from the server. Sleeping for [1000] ms.
[Info] Received OVERLOAD from the server. Sleeping for [1000] ms.
[Info] Received OVERLOAD from the server. Sleeping for [1000] ms.
[Info] Received OVERLOAD from the server. Sleeping for [1000] ms.
[Info] Received OVERLOAD from the server. Sleeping for [1000] ms.
[Info] Received OVERLOAD from the server. Sleeping for [1000] ms.
[Info] Received OVERLOAD from the server. Sleeping for [1000] ms.
[Info] Received OVERLOAD from the server. Sleeping for [1000] ms.
[Info] Received OVERLOAD from the server. Sleeping for [1000] ms.
[Info] Received OVERLOAD from the server. Sleeping for [1000] ms.
[Info] Received OVERLOAD from the server. Sleeping for [1000] ms.
[Info] Received OVERLOAD from the server. Sleeping for [1000] ms.
[Info] Received OVERLOAD from the server. Sleeping for [1000] ms.
[Info] Received OVERLOAD from the server. Sleeping for [1000] ms.
[Info] Received OVERLOAD from the server. Sleeping for [1000] ms.
[Info] Received OVERLOAD from the server. Sleeping for [1000] ms.
[Info] Received OVERLOAD from the server. Sleeping for [1000] ms.
[Info] Received OVERLOAD from the server. Sleeping for [1000] ms.
[Info] Received OVERLOAD from the server. Sleeping for [1000] ms.
[Info] Received OVERLOAD from the server. Sleeping for [1000] ms.
[Info] Received OVERLOAD from the server. Sleeping for [1000] ms.
[Info] Received OVERLOAD from the server. Sleeping for [1000] ms.
[Info] Received OVERLOAD from the server. Sleeping for [1000] ms.
[Info] Received OVERLOAD from the server. Sleeping for [1000] ms.
[Info] Received OVERLOAD from the server. Sleeping for [1000] ms.
[Info] Received OVERLOAD from the server. Sleeping for [1000] ms.
[Info] Received OVERLOAD from the server. Sleeping for [1000] ms.
[Info] Received OVERLOAD from the server. Sleeping for [1000] ms.
[Info] Received OVERLOAD from the server. Sleeping for [1000] ms.
[Info] Received OVERLOAD from the server. Sleeping for [1000] ms.
[Info] Received OVERLOAD from the server. Sleeping for [1000] ms.
[Info] Received OVERLOAD from the server. Sleeping for [1000] ms.
[Info] Received OVERLOAD from the server. Sleeping for [1000] ms.
[Info] Received OVERLOAD from the server. Sleeping for [1000] ms.
[Info] Received OVERLOAD from the server. Sleeping for [1000] ms.
[Info] Received OVERLOAD from the server. Sleeping for [1000] ms.
[Info] Received OVERLOAD from the server. Sleeping for [1000] ms.
[Info] Received OVERLOAD from the server. Sleeping for [1000] ms.
[Info] Received OVERLOAD from the server. Sleeping for [1000] ms.
[Info] Received OVERLOAD from the server. Sleeping for [1000] ms.
[Info] Received OVERLOAD from the server. Sleeping for [1000] ms.
[Info] Received OVERLOAD from the server. Sleeping for [1000] ms.
[Info] Received OVERLOAD from the server. Sleeping for [1000] ms.
[Info] Received OVERLOAD from the server. Sleeping for [1000] ms.
[Info] Received OVERLOAD from the server. Sleeping for [1000] ms.
[Info] Received OVERLOAD from the server. Sleeping for [1000] ms.
[Info] Received OVERLOAD from the server. Sleeping for [1000] ms.
[Info] Received OVERLOAD from the server. Sleeping for [1000] ms.
[Info] Received OVERLOAD from the server. Sleeping for [1000] ms.
[Info] Received OVERLOAD from the server. Sleeping for [1000] ms.
[Info] Received OVERLOAD from the server. Sleeping for [1000] ms.
[Info] Received OVERLOAD from the server. Sleeping for [1000] ms.
[Info] Received OVERLOAD from the server. Sleeping for [1000] ms.
[Info] Received OVERLOAD from the server. Sleeping for [1000] ms.
[Info] Received OVERLOAD from the server. Sleeping for [1000] ms.
[Info] Received OVERLOAD from the server. Sleeping for [1000] ms.
[Info] Received OVERLOAD from the server. Sleeping for [1000] ms.
[Info] Received OVERLOAD from the server. Sleeping for [1000] ms.
[Info] Received OVERLOAD from the server. Sleeping for [1000] ms.
[Info] Received OVERLOAD from the server. Sleeping for [1000] ms.
[Info] Received OVERLOAD from the server. Sleeping for [1000] ms.
[Info] Received OVERLOAD from the server. Sleeping for [1000] ms.
[Info] Received OVERLOAD from the server. Sleeping for [1000] ms.
[Info] Received OVERLOAD from the server. Sleeping for [1000] ms.
[Info] Received OVERLOAD from the server. Sleeping for [1000] ms.
[Info] Received OVERLOAD from the server. Sleeping for [1000] ms.
[Info] Received OVERLOAD from the server. Sleeping for [1000] ms.
[Info] Received OVERLOAD from the server. Sleeping for [1000] ms.
[Info] Received OVERLOAD from the server. Sleeping for [1000] ms.
[Info] Received OVERLOAD from the server. Sleeping for [1000] ms.
[Info] Received OVERLOAD from the server. Sleeping for [1000] ms.
[Info] Received OVERLOAD from the server. Sleeping for [1000] ms.
[Info] Received OVERLOAD from the server. Sleeping for [1000] ms.
[Info] Received OVERLOAD from the server. Sleeping for [1000] ms.
[Info] Received OVERLOAD from the server. Sleeping for [1000] ms.
[Info] Received OVERLOAD from the server. Sleeping for [1000] ms.
[Info] Received OVERLOAD from the server. Sleeping for [1000] ms.
[Info] Received OVERLOAD from the server. Sleeping for [1000] ms.
[Info] Received OVERLOAD from the server. Sleeping for [1000] ms.
[Info] Received OVERLOAD from the server. Sleeping for [1000] ms.
[Info] Received OVERLOAD from the server. Sleeping for [1000] ms.
[Info] Received OVERLOAD from the server. Sleeping for [1000] ms.
[Info] Received OVERLOAD from the server. Sleeping for [1000] ms.
[Info] Received OVERLOAD from the server. Sleeping for [1000] ms.
[Info] Received OVERLOAD from the server. Sleeping for [1000] ms.
[Info] Received OVERLOAD from the server. Sleeping for [1000] ms.
[Info] Received OVERLOAD from the server. Sleeping for [1000] ms.
[Info] Received OVERLOAD from the server. Sleeping for [1000] ms.
[Info] Received OVERLOAD from the server. Sleeping for [1000] ms.
[Info] Received OVERLOAD from the server. Sleeping for [1000] ms.
[Info] Received OVERLOAD from the server. Sleeping for [1000] ms.
[Info] Received OVERLOAD from the server. Sleeping for [1000] ms.
[Info] Received OVERLOAD from the server. Sleeping for [1000] ms.
[Info] Received OVERLOAD from the server. Sleeping for [1000] ms.
[Info] Received OVERLOAD from the server. Sleeping for [1000] ms.
[Info] Received OVERLOAD from the server. Sleeping for [1000] ms.
[Info] Received OVERLOAD from the server. Sleeping for [1000] ms.
[Info] Received OVERLOAD from the server. Sleeping for [1000] ms.
[Info] Received OVERLOAD from the server. Sleeping for [1000] ms.
[Info] Received OVERLOAD from the server. Sleeping for [1000] ms.
[Info] Received OVERLOAD from the server. Sleeping for [1000] ms.
[Info] Received OVERLOAD from the server. Sleeping for [1000] ms.
[Info] Received OVERLOAD from the server. Sleeping for [1000] ms.
[Info] Received OVERLOAD from the server. Sleeping for [1000] ms.
[Info] Received OVERLOAD from the server. Sleeping for [1000] ms.
[Info] Received OVERLOAD from the server. Sleeping for [1000] ms.
[Info] Received OVERLOAD from the server. Sleeping for [1000] ms.
[Info] Received OVERLOAD from the server. Sleeping for [1000] ms.
[Info] Received OVERLOAD from the server. Sleeping for [1000] ms.
[Info] Received OVERLOAD from the server. Sleeping for [1000] ms.
[Info] Received OVERLOAD from the server. Sleeping for [1000] ms.
[Info] Received OVERLOAD from the server. Sleeping for [1000] ms.
[Info] Received OVERLOAD from the server. Sleeping for [1000] ms.
[Info] Received OVERLOAD from the server. Sleeping for [1000] ms.
[Info] Received OVERLOAD from the server. Sleeping for [1000] ms.
[Info] Received OVERLOAD from the server. Sleeping for [1000] ms.
[Info] Received OVERLOAD from the server. Sleeping for [1000] ms.
[Info] Received OVERLOAD from the server. Sleeping for [1000] ms.
[Info] Received OVERLOAD from the server. Sleeping for [1000] ms.
[Info] Received OVERLOAD from the server. Sleeping for [1000] ms.
[Info] Received OVERLOAD from the server. Sleeping for [1000] ms.
[Info] Received OVERLOAD from the server. Sleeping for [1000] ms.
[Info] Received OVERLOAD from the server. Sleeping for [1000] ms.
[Info] Received OVERLOAD from the server. Sleeping for [1000] ms.
[Info] Received OVERLOAD from the server. Sleeping for [1000] ms.
[Info] Received OVERLOAD from the server. Sleeping for [1000] ms.
[Info] Received OVERLOAD from the server. Sleeping for [1000] ms.
[Info] Received OVERLOAD from the server. Sleeping for [1000] ms.
[Info] Received OVERLOAD from the server. Sleeping for [1000] ms.
[Info] Received OVERLOAD from the server. Sleeping for [1000] ms.
[Info] Received OVERLOAD from the server. Sleeping for [1000] ms.
[Info] Received OVERLOAD from the server. Sleeping for [1000] ms.
[Info] Received OVERLOAD from the server. Sleeping for [1000] ms.
[Info] Received OVERLOAD from the server. Sleeping for [1000] ms.
[Info] Received OVERLOAD from the server. Sleeping for [1000] ms.
[Info] Received OVERLOAD from the server. Sleeping for [1000] ms.
[Info] Received OVERLOAD from the server. Sleeping for [1000] ms.
[Info] Received OVERLOAD from the server. Sleeping for [1000] ms.
[Info] Received OVERLOAD from the server. Sleeping for [1000] ms.
[Info] Received OVERLOAD from the server. Sleeping for [1000] ms.
[Info] Received OVERLOAD from the server. Sleeping for [1000] ms.
[Info] Received OVERLOAD from the server. Sleeping for [1000] ms.
[Info] Received OVERLOAD from the server. Sleeping for [1000] ms.
[Info] Received OVERLOAD from the server. Sleeping for [1000] ms.
[Info] Received OVERLOAD from the server. Sleeping for [1000] ms.
[Info] Received OVERLOAD from the server. Sleeping for [1000] ms.
[Info] Received OVERLOAD from the server. Sleeping for [1000] ms.
[Info] Received OVERLOAD from the server. Sleeping for [1000] ms.
[Info] Received OVERLOAD from the server. Sleeping for [1000] ms.
[Info] Received OVERLOAD from the server. Sleeping for [1000] ms.
[Info] Received OVERLOAD from the server. Sleeping for [1000] ms.
[Info] Received OVERLOAD from the server. Sleeping for [1000] ms.
[Info] Received OVERLOAD from the server. Sleeping for [1000] ms.
[Info] Received OVERLOAD from the server. Sleeping for [1000] ms.
[Info] Received OVERLOAD from the server. Sleeping for [1000] ms.
[Info] Received OVERLOAD from the server. Sleeping for [1000] ms.
[Info] Received OVERLOAD from the server. Sleeping for [1000] ms.
[Info] Received OVERLOAD from the server. Sleeping for [1000] ms.
[Info] Received OVERLOAD from the server. Sleeping for [1000] ms.
[Info] Received OVERLOAD from the server. Sleeping for [1000] ms.
[Info] Received OVERLOAD from the server. Sleeping for [1000] ms.
[Info] Received OVERLOAD from the server. Sleeping for [1000] ms.
[Info] Received OVERLOAD from the server. Sleeping for [1000] ms.
[Info] Received OVERLOAD from the server. Sleeping for [1000] ms.
[Info] Received OVERLOAD from the server. Sleeping for [1000] ms.
[Info] Received OVERLOAD from the server. Sleeping for [1000] ms.
[Info] Received OVERLOAD from the server. Sleeping for [1000] ms.
[Info] Received OVERLOAD from the server. Sleeping for [1000] ms.
[Info] Received OVERLOAD from the server. Sleeping for [1000] ms.
[Info] Received OVERLOAD from the server. Sleeping for [1000] ms.
[Info] Received OVERLOAD from the server. Sleeping for [1000] ms.
[Info] Received OVERLOAD from the server. Sleeping for [1000] ms.
[Info] Received OVERLOAD from the server. Sleeping for [1000] ms.
[Info] Received OVERLOAD from the server. Sleeping for [1000] ms.
[Info] Received OVERLOAD from the server. Sleeping for [1000] ms.
[Info] Received OVERLOAD from the server. Sleeping for [1000] ms.
[Info] Received OVERLOAD from the server. Sleeping for [1000] ms.
[Info] Received OVERLOAD from the server. Sleeping for [1000] ms.
[Info] Received OVERLOAD from the server. Sleeping for [1000] ms.
[Info] Received OVERLOAD from the server. Sleeping for [1000] ms.
Test time limit reached: 60.0s.
Test time limit reached: 60.0s.
Test completed after 11288 closed loops.
Test completed after 14221 closed loops.
Test time limit reached: 60.0s.
Test completed after 12695 closed loops.
Test time limit reached: 60.0s.
Test completed after 7256 closed loops.
Test time limit reached: 60.0s.
Test completed after 19445 closed loops.
Test time limit reached: 60.0s.
Test completed after 18106 closed loops.
Test time limit reached: 60.0s.
Test completed after 19968 closed loops.
Test time limit reached: 60.0s.
Test completed after 15078 closed loops.
[Test] Checking if server is up ...
Test Passed. Server is ok.
Test Status: TEST_PASSED
Clients: 8
Total Requests (without replies): 236114
Total Requests (including replies): 236142
Successful Responses: 236107
Timeout Responses: 7
Total Failed Responses: 0
% Success: 99.99703533039126
% Timeout: 0.0029646696087483166
% Failed: 0.0
Response Time (Successful requests):
[max] 5ms, [min] 0ms
[avg] 0.11056427806037093 ms, [stdev] 0.31759108571201056ms
Throughput: 3617.8845593981277 requests per second
Goodput: 3617.7773010741157 requests per second
Retry Rate (Successful requests): 1.0001185867843498


[ TEST Multi Client Crash: PUT -> GET (closed loop) + REM -> WIPEOUT (closed loop) ]
[Test isAlive]
Test Passed. Server is ok.
TEST_PASSED
Pausing for 10 seconds to wait for the cache to be cleared!

[ TEST Single Client Capacity (Value Size = 10000 bytes, Limit = 7340 PUTs, ~69.99969482421875 MiB) : PUT -> GET (closed loop) ]
Sending WIPE-OUT to all servers...
[ ... Completed in 0.003 seconds ]
[OK]
Waiting for 5 seconds for the cache to be cleared!
[Info] Received OVERLOAD from the server. Sleeping for [1000] ms.
ERROR_OUT_OF_SPACE
Received error code after 3955 closed loops (~37.71781921386719 MiB).
PUTs sent = 3955(~37.71781921386719 MiB) , Limit = 7340
[Test isAlive]
Test Passed. Server is ok.
TEST_PASSED
Pausing for 10 seconds to wait for the cache to be cleared!

[ TEST Single Client Capacity (Value Size = 500 bytes, Limit = 146800 PUTs, ~69.99969482421875 MiB) : PUT -> GET (closed loop) ]
Sending WIPE-OUT to all servers...
[ ... Completed in 0.002 seconds ]
[OK]
Waiting for 5 seconds for the cache to be cleared!
[Info] Received OVERLOAD from the server. Sleeping for [1000] ms.
[Info] Received OVERLOAD from the server. Sleeping for [1000] ms.
[Info] Received OVERLOAD from the server. Sleeping for [1000] ms.
[Info] Received OVERLOAD from the server. Sleeping for [1000] ms.
[Info] Received OVERLOAD from the server. Sleeping for [1000] ms.
[Info] Received OVERLOAD from the server. Sleeping for [1000] ms.
[Info] Received OVERLOAD from the server. Sleeping for [1000] ms.
[Info] Received OVERLOAD from the server. Sleeping for [1000] ms.
[Info] Received OVERLOAD from the server. Sleeping for [1000] ms.
[Info] Received OVERLOAD from the server. Sleeping for [1000] ms.
[Info] Received OVERLOAD from the server. Sleeping for [1000] ms.
[Info] Received OVERLOAD from the server. Sleeping for [1000] ms.
[Info] Received OVERLOAD from the server. Sleeping for [1000] ms.
[Info] Received OVERLOAD from the server. Sleeping for [1000] ms.
[Info] Received OVERLOAD from the server. Sleeping for [1000] ms.
[Info] Received OVERLOAD from the server. Sleeping for [1000] ms.
[Info] Received OVERLOAD from the server. Sleeping for [1000] ms.
[Info] Received OVERLOAD from the server. Sleeping for [1000] ms.
[Info] Received OVERLOAD from the server. Sleeping for [1000] ms.
[Info] Received OVERLOAD from the server. Sleeping for [1000] ms.
[Info] Received OVERLOAD from the server. Sleeping for [1000] ms.
[Info] Received OVERLOAD from the server. Sleeping for [1000] ms.
[Info] Received OVERLOAD from the server. Sleeping for [1000] ms.
[Info] Received OVERLOAD from the server. Sleeping for [1000] ms.
[Info] Received OVERLOAD from the server. Sleeping for [1000] ms.
[Info] Received OVERLOAD from the server. Sleeping for [1000] ms.
[Info] Received OVERLOAD from the server. Sleeping for [1000] ms.
[Info] Received OVERLOAD from the server. Sleeping for [1000] ms.
[Info] Received OVERLOAD from the server. Sleeping for [1000] ms.
[Info] Received OVERLOAD from the server. Sleeping for [1000] ms.
[Info] Received OVERLOAD from the server. Sleeping for [1000] ms.
[Info] Received OVERLOAD from the server. Sleeping for [1000] ms.
[Info] Received OVERLOAD from the server. Sleeping for [1000] ms.
[Info] Received OVERLOAD from the server. Sleeping for [1000] ms.
[Info] Received OVERLOAD from the server. Sleeping for [1000] ms.
[Info] Received OVERLOAD from the server. Sleeping for [1000] ms.
[Info] Received OVERLOAD from the server. Sleeping for [1000] ms.
[Info] Received OVERLOAD from the server. Sleeping for [1000] ms.
[Info] Received OVERLOAD from the server. Sleeping for [1000] ms.
[Info] Received OVERLOAD from the server. Sleeping for [1000] ms.
[Info] Received OVERLOAD from the server. Sleeping for [1000] ms.
[Info] Received OVERLOAD from the server. Sleeping for [1000] ms.
[Info] Received OVERLOAD from the server. Sleeping for [1000] ms.
[Info] Received OVERLOAD from the server. Sleeping for [1000] ms.
[Info] Received OVERLOAD from the server. Sleeping for [1000] ms.
[Info] Received OVERLOAD from the server. Sleeping for [1000] ms.
[Info] Received OVERLOAD from the server. Sleeping for [1000] ms.
[Info] Received OVERLOAD from the server. Sleeping for [1000] ms.
[Info] Received OVERLOAD from the server. Sleeping for [1000] ms.
[Info] Received OVERLOAD from the server. Sleeping for [1000] ms.
[Info] Received OVERLOAD from the server. Sleeping for [1000] ms.
[Info] Received OVERLOAD from the server. Sleeping for [1000] ms.
[Info] Received OVERLOAD from the server. Sleeping for [1000] ms.
[Info] Received OVERLOAD from the server. Sleeping for [1000] ms.
[Info] Received OVERLOAD from the server. Sleeping for [1000] ms.
[Info] Received OVERLOAD from the server. Sleeping for [1000] ms.
[Info] Received OVERLOAD from the server. Sleeping for [1000] ms.
[Info] Received OVERLOAD from the server. Sleeping for [1000] ms.
[Info] Received OVERLOAD from the server. Sleeping for [1000] ms.
[Info] Received OVERLOAD from the server. Sleeping for [1000] ms.
[Info] Received OVERLOAD from the server. Sleeping for [1000] ms.
[Info] Received OVERLOAD from the server. Sleeping for [1000] ms.
[Info] Received OVERLOAD from the server. Sleeping for [1000] ms.
[Info] Received OVERLOAD from the server. Sleeping for [1000] ms.
[Info] Received OVERLOAD from the server. Sleeping for [1000] ms.
[Info] Received OVERLOAD from the server. Sleeping for [1000] ms.
[Info] Received OVERLOAD from the server. Sleeping for [1000] ms.
[Info] Received OVERLOAD from the server. Sleeping for [1000] ms.
[Info] Received OVERLOAD from the server. Sleeping for [1000] ms.
[Info] Received OVERLOAD from the server. Sleeping for [1000] ms.
[Info] Received OVERLOAD from the server. Sleeping for [1000] ms.
[Info] Received OVERLOAD from the server. Sleeping for [1000] ms.
ERROR_OUT_OF_SPACE
Received error code after 98145 closed loops (~46.7991828918457 MiB).
PUTs sent = 98145(~46.7991828918457 MiB) , Limit = 146800
[Test isAlive]
Test Passed. Server is ok.
TEST_PASSED

[TEST Invalid Key ]
TEST_PASSED

[TEST Invalid Value ]
TEST_PASSED

Sending SHUTDOWN to 1 servers.
[ ... Completed in 6.459 seconds ]
[Test isAlive] for 127.0.0.1:3080
[ ... Completed in 64.574 seconds ]
Results Summary:
Basic PUT GET  : 2.0
Double PUT with version : 2.0
Double PUT with version : 2.0
Double PUT with version : 2.0
Double PUT with version : 2.0
Remove Operation : 2.0
Double Remove : 2.0
Invalid Command : 2.0
At-Most-Once Policy : 2.0
At-Most-Once Policy Empty REMs : 2.0
At-Most-Once Policy Error Return Code : 2.0
1 Client(s) Throughput (Requests per Second) : 1215.0
1 Client(s) Goodput (Requests per Second) : 1215.0
1 Client(s) Maximum Response Time (ms) : 12.0
1 Client(s) Average Response Time (ms) : 1.0
1 Client(s) STDEV Response Time (ms) : 1.0
2 Client(s) Throughput (Requests per Second) : 2357.0
2 Client(s) Goodput (Requests per Second) : 2356.0
2 Client(s) Maximum Response Time (ms) : 29.0
2 Client(s) Average Response Time (ms) : 1.0
2 Client(s) STDEV Response Time (ms) : 1.0
4 Client(s) Throughput (Requests per Second) : 2951.0
4 Client(s) Goodput (Requests per Second) : 2951.0
4 Client(s) Maximum Response Time (ms) : 9.0
4 Client(s) Average Response Time (ms) : 1.0
4 Client(s) STDEV Response Time (ms) : 1.0
8 Client(s) Throughput (Requests per Second) : 3618.0
8 Client(s) Goodput (Requests per Second) : 3618.0
8 Client(s) Maximum Response Time (ms) : 5.0
8 Client(s) Average Response Time (ms) : 1.0
8 Client(s) STDEV Response Time (ms) : 1.0
Multi-Client Crash : 2.0
Single Client Capacity (MiB) for value size of 10000 : 38.0
Single Client Capacity Test 1 : 2.0
Single Client Capacity (MiB) for value size of 500 : 47.0
Single Client Capacity Test 2 : 2.0
Invalid Key Test : 2.0
Invalid Value Test : 2.0
Shutdown Test : 2.0
Result Verification Code : 4018.0

Completed A4 Tests.
Testing completed in 536.603s
