CPEN 431 EVALUATION test Client
Time: Mon Mar 06 22:46:04 PST 2023
Build Date: Mon Mar 06 08:02:46 PST 2023
Java process ID: 69746
Client Version: 1

[Info] A6 client running in TEST mode.

[Info] Starting A6 Tests

[Info] Skipping tests of local deployment since not running in submit mode.
[Info] You must have a local deployment of your KVS on 127.0.0.1 (localhost), port 43100 to run in submit mode!

[Info] Done building nodes' list.
[Info] The deployment has 3 server nodes.
[Test isAlive] for 127.0.0.1:1000
Sending WIPE-OUT to all servers...
[ ... Completed in 0.024 seconds ]
[OK]
Waiting for 5 seconds for the cache to be cleared!

[ TEST Basic PUT/GET (PUT -> GET). Value Length = 8 Bytes ]
Logic error GET Value != PUT Value.
Put: value-version) [B@555590-0, Get: value-version[B@6d1e7682-0
TEST_FAILED
[Error] Failed in single front-end basic put-get. Potentially buggy implementation. Aborting!
Testing completed in 5.128s
